<?xml version="1.0" encoding="UTF-8"?>
<testsuite xmlns:xsi="http://www.w3.org/2001/XMLSchema-instance" xsi:noNamespaceSchemaLocation="https://maven.apache.org/surefire/maven-surefire-plugin/xsd/surefire-test-report-3.0.xsd" version="3.0" name="runners.TestRunner" time="20.163" tests="25" errors="0" skipped="0" failures="0">
  <properties>
    <property name="java.specification.version" value="17"/>
    <property name="sun.cpu.isalist" value="amd64"/>
    <property name="sun.jnu.encoding" value="Cp1252"/>
    <property name="java.class.path" value="C:\Users\admin\RestAssuredCucumberAPI\target\test-classes;C:\Users\admin\RestAssuredCucumberAPI\target\classes;C:\Users\admin\.m2\repository\io\rest-assured\rest-assured\5.3.2\rest-assured-5.3.2.jar;C:\Users\admin\.m2\repository\org\apache\groovy\groovy\4.0.11\groovy-4.0.11.jar;C:\Users\admin\.m2\repository\org\apache\groovy\groovy-xml\4.0.11\groovy-xml-4.0.11.jar;C:\Users\admin\.m2\repository\org\apache\httpcomponents\httpclient\4.5.13\httpclient-4.5.13.jar;C:\Users\admin\.m2\repository\org\apache\httpcomponents\httpcore\4.4.13\httpcore-4.4.13.jar;C:\Users\admin\.m2\repository\commons-logging\commons-logging\1.2\commons-logging-1.2.jar;C:\Users\admin\.m2\repository\commons-codec\commons-codec\1.11\commons-codec-1.11.jar;C:\Users\admin\.m2\repository\org\apache\httpcomponents\httpmime\4.5.13\httpmime-4.5.13.jar;C:\Users\admin\.m2\repository\org\hamcrest\hamcrest\2.2\hamcrest-2.2.jar;C:\Users\admin\.m2\repository\org\ccil\cowan\tagsoup\tagsoup\1.2.1\tagsoup-1.2.1.jar;C:\Users\admin\.m2\repository\io\rest-assured\json-path\5.3.2\json-path-5.3.2.jar;C:\Users\admin\.m2\repository\org\apache\groovy\groovy-json\4.0.11\groovy-json-4.0.11.jar;C:\Users\admin\.m2\repository\io\rest-assured\rest-assured-common\5.3.2\rest-assured-common-5.3.2.jar;C:\Users\admin\.m2\repository\io\rest-assured\xml-path\5.3.2\xml-path-5.3.2.jar;C:\Users\admin\.m2\repository\org\apache\commons\commons-lang3\3.11\commons-lang3-3.11.jar;C:\Users\admin\.m2\repository\io\cucumber\cucumber-java\7.14.0\cucumber-java-7.14.0.jar;C:\Users\admin\.m2\repository\io\cucumber\cucumber-core\7.14.0\cucumber-core-7.14.0.jar;C:\Users\admin\.m2\repository\io\cucumber\cucumber-gherkin\7.14.0\cucumber-gherkin-7.14.0.jar;C:\Users\admin\.m2\repository\io\cucumber\cucumber-gherkin-messages\7.14.0\cucumber-gherkin-messages-7.14.0.jar;C:\Users\admin\.m2\repository\io\cucumber\gherkin\26.2.0\gherkin-26.2.0.jar;C:\Users\admin\.m2\repository\io\cucumber\messages\22.0.0\messages-22.0.0.jar;C:\Users\admin\.m2\repository\io\cucumber\tag-expressions\5.0.6\tag-expressions-5.0.6.jar;C:\Users\admin\.m2\repository\io\cucumber\cucumber-expressions\16.1.2\cucumber-expressions-16.1.2.jar;C:\Users\admin\.m2\repository\io\cucumber\datatable\7.14.0\datatable-7.14.0.jar;C:\Users\admin\.m2\repository\io\cucumber\cucumber-plugin\7.14.0\cucumber-plugin-7.14.0.jar;C:\Users\admin\.m2\repository\io\cucumber\docstring\7.14.0\docstring-7.14.0.jar;C:\Users\admin\.m2\repository\io\cucumber\html-formatter\20.4.0\html-formatter-20.4.0.jar;C:\Users\admin\.m2\repository\io\cucumber\junit-xml-formatter\0.2.0\junit-xml-formatter-0.2.0.jar;C:\Users\admin\.m2\repository\io\cucumber\ci-environment\9.2.0\ci-environment-9.2.0.jar;C:\Users\admin\.m2\repository\org\apiguardian\apiguardian-api\1.1.2\apiguardian-api-1.1.2.jar;C:\Users\admin\.m2\repository\io\cucumber\cucumber-junit\7.14.0\cucumber-junit-7.14.0.jar;C:\Users\admin\.m2\repository\junit\junit\4.13.2\junit-4.13.2.jar;C:\Users\admin\.m2\repository\org\hamcrest\hamcrest-core\1.3\hamcrest-core-1.3.jar;"/>
    <property name="java.vm.vendor" value="Oracle Corporation"/>
    <property name="sun.arch.data.model" value="64"/>
    <property name="user.variant" value=""/>
    <property name="java.vendor.url" value="https://java.oracle.com/"/>
    <property name="user.timezone" value="Asia/Calcutta"/>
    <property name="os.name" value="Windows 10"/>
    <property name="java.vm.specification.version" value="17"/>
    <property name="sun.java.launcher" value="SUN_STANDARD"/>
    <property name="user.country" value="IN"/>
    <property name="sun.boot.library.path" value="C:\Program Files\Java\jdk-17\bin"/>
    <property name="sun.java.command" value="C:\Users\admin\AppData\Local\Temp\surefire4175363127991985398\surefirebooter-20250902111105290_3.jar C:\Users\admin\AppData\Local\Temp\surefire4175363127991985398 2025-09-02T11-11-04_640-jvmRun1 surefire-20250902111105290_1tmp surefire_0-20250902111105290_2tmp"/>
    <property name="jdk.debug" value="release"/>
    <property name="surefire.test.class.path" value="C:\Users\admin\RestAssuredCucumberAPI\target\test-classes;C:\Users\admin\RestAssuredCucumberAPI\target\classes;C:\Users\admin\.m2\repository\io\rest-assured\rest-assured\5.3.2\rest-assured-5.3.2.jar;C:\Users\admin\.m2\repository\org\apache\groovy\groovy\4.0.11\groovy-4.0.11.jar;C:\Users\admin\.m2\repository\org\apache\groovy\groovy-xml\4.0.11\groovy-xml-4.0.11.jar;C:\Users\admin\.m2\repository\org\apache\httpcomponents\httpclient\4.5.13\httpclient-4.5.13.jar;C:\Users\admin\.m2\repository\org\apache\httpcomponents\httpcore\4.4.13\httpcore-4.4.13.jar;C:\Users\admin\.m2\repository\commons-logging\commons-logging\1.2\commons-logging-1.2.jar;C:\Users\admin\.m2\repository\commons-codec\commons-codec\1.11\commons-codec-1.11.jar;C:\Users\admin\.m2\repository\org\apache\httpcomponents\httpmime\4.5.13\httpmime-4.5.13.jar;C:\Users\admin\.m2\repository\org\hamcrest\hamcrest\2.2\hamcrest-2.2.jar;C:\Users\admin\.m2\repository\org\ccil\cowan\tagsoup\tagsoup\1.2.1\tagsoup-1.2.1.jar;C:\Users\admin\.m2\repository\io\rest-assured\json-path\5.3.2\json-path-5.3.2.jar;C:\Users\admin\.m2\repository\org\apache\groovy\groovy-json\4.0.11\groovy-json-4.0.11.jar;C:\Users\admin\.m2\repository\io\rest-assured\rest-assured-common\5.3.2\rest-assured-common-5.3.2.jar;C:\Users\admin\.m2\repository\io\rest-assured\xml-path\5.3.2\xml-path-5.3.2.jar;C:\Users\admin\.m2\repository\org\apache\commons\commons-lang3\3.11\commons-lang3-3.11.jar;C:\Users\admin\.m2\repository\io\cucumber\cucumber-java\7.14.0\cucumber-java-7.14.0.jar;C:\Users\admin\.m2\repository\io\cucumber\cucumber-core\7.14.0\cucumber-core-7.14.0.jar;C:\Users\admin\.m2\repository\io\cucumber\cucumber-gherkin\7.14.0\cucumber-gherkin-7.14.0.jar;C:\Users\admin\.m2\repository\io\cucumber\cucumber-gherkin-messages\7.14.0\cucumber-gherkin-messages-7.14.0.jar;C:\Users\admin\.m2\repository\io\cucumber\gherkin\26.2.0\gherkin-26.2.0.jar;C:\Users\admin\.m2\repository\io\cucumber\messages\22.0.0\messages-22.0.0.jar;C:\Users\admin\.m2\repository\io\cucumber\tag-expressions\5.0.6\tag-expressions-5.0.6.jar;C:\Users\admin\.m2\repository\io\cucumber\cucumber-expressions\16.1.2\cucumber-expressions-16.1.2.jar;C:\Users\admin\.m2\repository\io\cucumber\datatable\7.14.0\datatable-7.14.0.jar;C:\Users\admin\.m2\repository\io\cucumber\cucumber-plugin\7.14.0\cucumber-plugin-7.14.0.jar;C:\Users\admin\.m2\repository\io\cucumber\docstring\7.14.0\docstring-7.14.0.jar;C:\Users\admin\.m2\repository\io\cucumber\html-formatter\20.4.0\html-formatter-20.4.0.jar;C:\Users\admin\.m2\repository\io\cucumber\junit-xml-formatter\0.2.0\junit-xml-formatter-0.2.0.jar;C:\Users\admin\.m2\repository\io\cucumber\ci-environment\9.2.0\ci-environment-9.2.0.jar;C:\Users\admin\.m2\repository\org\apiguardian\apiguardian-api\1.1.2\apiguardian-api-1.1.2.jar;C:\Users\admin\.m2\repository\io\cucumber\cucumber-junit\7.14.0\cucumber-junit-7.14.0.jar;C:\Users\admin\.m2\repository\junit\junit\4.13.2\junit-4.13.2.jar;C:\Users\admin\.m2\repository\org\hamcrest\hamcrest-core\1.3\hamcrest-core-1.3.jar;"/>
    <property name="sun.cpu.endian" value="little"/>
    <property name="user.home" value="C:\Users\admin"/>
    <property name="user.language" value="en"/>
    <property name="java.specification.vendor" value="Oracle Corporation"/>
    <property name="java.version.date" value="2024-07-16"/>
    <property name="java.home" value="C:\Program Files\Java\jdk-17"/>
    <property name="file.separator" value="\"/>
    <property name="basedir" value="C:\Users\admin\RestAssuredCucumberAPI"/>
    <property name="java.vm.compressedOopsMode" value="Zero based"/>
    <property name="line.separator" value="&#10;"/>
    <property name="java.vm.specification.vendor" value="Oracle Corporation"/>
    <property name="java.specification.name" value="Java Platform API Specification"/>
    <property name="surefire.real.class.path" value="C:\Users\admin\AppData\Local\Temp\surefire4175363127991985398\surefirebooter-20250902111105290_3.jar"/>
    <property name="user.script" value=""/>
    <property name="sun.management.compiler" value="HotSpot 64-Bit Tiered Compilers"/>
    <property name="java.runtime.version" value="17.0.12+8-LTS-286"/>
    <property name="user.name" value="admin"/>
    <property name="path.separator" value=";"/>
    <property name="os.version" value="10.0"/>
    <property name="java.runtime.name" value="Java(TM) SE Runtime Environment"/>
    <property name="file.encoding" value="Cp1252"/>
    <property name="java.vm.name" value="Java HotSpot(TM) 64-Bit Server VM"/>
    <property name="localRepository" value="C:\Users\admin\.m2\repository"/>
    <property name="java.vendor.url.bug" value="https://bugreport.java.com/bugreport/"/>
    <property name="java.io.tmpdir" value="C:\Users\admin\AppData\Local\Temp\"/>
    <property name="java.version" value="17.0.12"/>
    <property name="user.dir" value="C:\Users\admin\RestAssuredCucumberAPI"/>
    <property name="os.arch" value="amd64"/>
    <property name="java.vm.specification.name" value="Java Virtual Machine Specification"/>
    <property name="sun.os.patch.level" value=""/>
    <property name="native.encoding" value="Cp1252"/>
    <property name="java.library.path" value="C:\Program Files\Java\jdk-17\bin;C:\Windows\Sun\Java\bin;C:\Windows\system32;C:\Windows;C:\Program Files\Common Files\Oracle\Java\javapath;C:\Windows\system32;C:\Windows;C:\Windows\System32\Wbem;C:\Windows\System32\WindowsPowerShell\v1.0\;C:\Windows\System32\OpenSSH\;C:\Program Files\PuTTY\;C:\Program Files\Git\cmd;C:\gcc-15.1.0-gdb-16.3.90.20250511-binutils-2.44-mingw-w64-v12.0.0-ucrt\bin;C:\oraclexe\app\oracle\product\11.2.0\server\bin;C:\Program Files\Java\jdk-17\bin;C:\ProgramData\chocolatey\bin;C:\Program Files\nodejs\;C:\Users\admin\Desktop\apache-maven-3.9.10\bin\;C:\flutter\bin;C:\Program Files\Kubernetes\Minikube;;C:\Program Files\Docker\Docker\resources\bin;C:\Program Files\MySQL\MySQL Shell 8.0\bin\;C:\Users\admin\AppData\Local\Programs\Python\Python313\Scripts\;C:\Users\admin\AppData\Local\Programs\Python\Python313\;C:\Users\admin\AppData\Local\Microsoft\WindowsApps;C:\Users\admin\AppData\Local\Programs\Microsoft VS Code\bin;C:\Users\admin\AppData\Roaming\npm;C:\modeltech64_10.6d\win64;C:\intelFPGA\20.1\modelsim_ase\win32aloem;C:\iverilog\bin;C:\iverilog\gtkwave\bin;C:\Program Files\JetBrains\IntelliJ IDEA Community Edition 2025.1.4.1\bin;;."/>
    <property name="java.vm.info" value="mixed mode, sharing"/>
    <property name="java.vendor" value="Oracle Corporation"/>
    <property name="java.vm.version" value="17.0.12+8-LTS-286"/>
    <property name="sun.io.unicode.encoding" value="UnicodeLittle"/>
    <property name="java.class.version" value="61.0"/>
  </properties>
  <testcase name="Get all albums" classname="Albums API" time="3.599">
    <system-out><![CDATA[
Scenario: Get all albums                                           # src/test/java/features/albums.feature:6
  Given the API base URL is "https://jsonplaceholder.typicode.com" # stepDefinitions.PostsSteps.the_api_base_url_is(java.lang.String)
  When I send a GET request to "/albums"                           # stepDefinitions.PostsSteps.i_send_a_get_request_to(java.lang.String)
  Then the response status code should be 200                      # stepDefinitions.PostsSteps.the_response_status_code_should_be(java.lang.Integer)
  And the response should contain 100 items                        # stepDefinitions.PostsSteps.the_response_should_contain_items(java.lang.Integer)
]]></system-out>
  </testcase>
  <testcase name="Get album by valid ID" classname="Albums API" time="1.213">
    <system-out><![CDATA[
Scenario: Get album by valid ID                                    # src/test/java/features/albums.feature:11
  Given the API base URL is "https://jsonplaceholder.typicode.com" # stepDefinitions.PostsSteps.the_api_base_url_is(java.lang.String)
  When I send a GET request to "/albums/1"                         # stepDefinitions.PostsSteps.i_send_a_get_request_to(java.lang.String)
  Then the response status code should be 200                      # stepDefinitions.PostsSteps.the_response_status_code_should_be(java.lang.Integer)
  And the field "id" should equal 1                                # stepDefinitions.PostsSteps.the_field_should_equal_int(java.lang.String,java.lang.Integer)
]]></system-out>
  </testcase>
  <testcase name="Get album by invalid ID" classname="Albums API" time="0.758">
    <system-out><![CDATA[
Scenario: Get album by invalid ID                                  # src/test/java/features/albums.feature:16
  Given the API base URL is "https://jsonplaceholder.typicode.com" # stepDefinitions.PostsSteps.the_api_base_url_is(java.lang.String)
  When I send a GET request to "/albums/9999"                      # stepDefinitions.PostsSteps.i_send_a_get_request_to(java.lang.String)
  Then the response status code should be 404                      # stepDefinitions.PostsSteps.the_response_status_code_should_be(java.lang.Integer)
]]></system-out>
  </testcase>
  <testcase name="Get all comments" classname="Comments API" time="0.628">
    <system-out><![CDATA[
Scenario: Get all comments                                         # src/test/java/features/comments.feature:6
  Given the API base URL is "https://jsonplaceholder.typicode.com" # stepDefinitions.PostsSteps.the_api_base_url_is(java.lang.String)
  When I send a GET request to "/comments"                         # stepDefinitions.PostsSteps.i_send_a_get_request_to(java.lang.String)
  Then the response status code should be 200                      # stepDefinitions.PostsSteps.the_response_status_code_should_be(java.lang.Integer)
  And the response should contain 500 items                        # stepDefinitions.PostsSteps.the_response_should_contain_items(java.lang.Integer)
]]></system-out>
  </testcase>
  <testcase name="Get comments by valid postId" classname="Comments API" time="0.595">
    <system-out><![CDATA[
Scenario: Get comments by valid postId                             # src/test/java/features/comments.feature:11
  Given the API base URL is "https://jsonplaceholder.typicode.com" # stepDefinitions.PostsSteps.the_api_base_url_is(java.lang.String)
  When I send a GET request to "/comments?postId=1"                # stepDefinitions.PostsSteps.i_send_a_get_request_to(java.lang.String)
  Then the response status code should be 200                      # stepDefinitions.PostsSteps.the_response_status_code_should_be(java.lang.Integer)
  And every item should have "postId" equal to 1                   # stepDefinitions.PostsSteps.every_item_should_have_equal_to(java.lang.String,java.lang.Integer)
]]></system-out>
  </testcase>
  <testcase name="Get comments by invalid postId" classname="Comments API" time="0.508">
    <system-out><![CDATA[
Scenario: Get comments by invalid postId                           # src/test/java/features/comments.feature:16
  Given the API base URL is "https://jsonplaceholder.typicode.com" # stepDefinitions.PostsSteps.the_api_base_url_is(java.lang.String)
  When I send a GET request to "/comments?postId=9999"             # stepDefinitions.PostsSteps.i_send_a_get_request_to(java.lang.String)
  Then the response status code should be 200                      # stepDefinitions.PostsSteps.the_response_status_code_should_be(java.lang.Integer)
  And the response should contain 0 items                          # stepDefinitions.PostsSteps.the_response_should_contain_items(java.lang.Integer)
]]></system-out>
  </testcase>
  <testcase name="Get all photos" classname="Photos API" time="1.228">
    <system-out><![CDATA[
Scenario: Get all photos                                           # src/test/java/features/photos.feature:6
  Given the API base URL is "https://jsonplaceholder.typicode.com" # stepDefinitions.PostsSteps.the_api_base_url_is(java.lang.String)
  When I send a GET request to "/photos"                           # stepDefinitions.PostsSteps.i_send_a_get_request_to(java.lang.String)
  Then the response status code should be 200                      # stepDefinitions.PostsSteps.the_response_status_code_should_be(java.lang.Integer)
  And the response should contain 5000 items                       # stepDefinitions.PostsSteps.the_response_should_contain_items(java.lang.Integer)
]]></system-out>
  </testcase>
  <testcase name="Get photos by valid albumId" classname="Photos API" time="0.763">
    <system-out><![CDATA[
Scenario: Get photos by valid albumId                              # src/test/java/features/photos.feature:11
  Given the API base URL is "https://jsonplaceholder.typicode.com" # stepDefinitions.PostsSteps.the_api_base_url_is(java.lang.String)
  When I send a GET request to "/photos?albumId=1"                 # stepDefinitions.PostsSteps.i_send_a_get_request_to(java.lang.String)
  Then the response status code should be 200                      # stepDefinitions.PostsSteps.the_response_status_code_should_be(java.lang.Integer)
  And every item should have "albumId" equal to 1                  # stepDefinitions.PostsSteps.every_item_should_have_equal_to(java.lang.String,java.lang.Integer)
]]></system-out>
  </testcase>
  <testcase name="Get photos by invalid albumId" classname="Photos API" time="0.505">
    <system-out><![CDATA[
Scenario: Get photos by invalid albumId                            # src/test/java/features/photos.feature:16
  Given the API base URL is "https://jsonplaceholder.typicode.com" # stepDefinitions.PostsSteps.the_api_base_url_is(java.lang.String)
  When I send a GET request to "/photos?albumId=9999"              # stepDefinitions.PostsSteps.i_send_a_get_request_to(java.lang.String)
  Then the response status code should be 200                      # stepDefinitions.PostsSteps.the_response_status_code_should_be(java.lang.Integer)
  And the response should contain 0 items                          # stepDefinitions.PostsSteps.the_response_should_contain_items(java.lang.Integer)
]]></system-out>
  </testcase>
  <testcase name="Get all posts" classname="Posts API" time="0.518">
    <system-out><![CDATA[
Scenario: Get all posts                                            # src/test/java/features/posts.feature:7
  Given the API base URL is "https://jsonplaceholder.typicode.com" # stepDefinitions.PostsSteps.the_api_base_url_is(java.lang.String)
  When I send a GET request to "/posts"                            # stepDefinitions.PostsSteps.i_send_a_get_request_to(java.lang.String)
  Then the response status code should be 200                      # stepDefinitions.PostsSteps.the_response_status_code_should_be(java.lang.Integer)
  And the response should contain 100 items                        # stepDefinitions.PostsSteps.the_response_should_contain_items(java.lang.Integer)
]]></system-out>
  </testcase>
  <testcase name="Get a single post by ID" classname="Posts API" time="0.439">
    <system-out><![CDATA[
Scenario: Get a single post by ID                                  # src/test/java/features/posts.feature:12
  Given the API base URL is "https://jsonplaceholder.typicode.com" # stepDefinitions.PostsSteps.the_api_base_url_is(java.lang.String)
  When I send a GET request to "/posts/1"                          # stepDefinitions.PostsSteps.i_send_a_get_request_to(java.lang.String)
  Then the response status code should be 200                      # stepDefinitions.PostsSteps.the_response_status_code_should_be(java.lang.Integer)
  And the field "id" should equal 1                                # stepDefinitions.PostsSteps.the_field_should_equal_int(java.lang.String,java.lang.Integer)
]]></system-out>
  </testcase>
  <testcase name="Create a new post with valid data" classname="Posts API" time="0.78">
    <system-out><![CDATA[
Scenario: Create a new post with valid data                        # src/test/java/features/posts.feature:17
  Given the API base URL is "https://jsonplaceholder.typicode.com" # stepDefinitions.PostsSteps.the_api_base_url_is(java.lang.String)
  When I send a POST request to "/posts" with body:                # stepDefinitions.PostsSteps.i_send_a_post_request_to_with_body(java.lang.String,java.lang.String)
  Then the response status code should be 201                      # stepDefinitions.PostsSteps.the_response_status_code_should_be(java.lang.Integer)
  And the field "title" should equal "foo"                         # stepDefinitions.PostsSteps.the_field_should_equal_string(java.lang.String,java.lang.String)
  And the field "body" should equal "bar"                          # stepDefinitions.PostsSteps.the_field_should_equal_string(java.lang.String,java.lang.String)
  And the field "userId" should equal 1                            # stepDefinitions.PostsSteps.the_field_should_equal_int(java.lang.String,java.lang.Integer)
]]></system-out>
  </testcase>
  <testcase name="Create a new post with missing required field" classname="Posts API" time="0.718">
    <system-out><![CDATA[
Scenario: Create a new post with missing required field            # src/test/java/features/posts.feature:32
  Given the API base URL is "https://jsonplaceholder.typicode.com" # stepDefinitions.PostsSteps.the_api_base_url_is(java.lang.String)
  When I send a POST request to "/posts" with body:                # stepDefinitions.PostsSteps.i_send_a_post_request_to_with_body(java.lang.String,java.lang.String)
  Then the response status code should be 201                      # stepDefinitions.PostsSteps.the_response_status_code_should_be(java.lang.Integer)
]]></system-out>
  </testcase>
  <testcase name="Update a post with valid ID using PUT" classname="Posts API" time="0.586">
    <system-out><![CDATA[
Scenario: Update a post with valid ID using PUT                    # src/test/java/features/posts.feature:41
  Given the API base URL is "https://jsonplaceholder.typicode.com" # stepDefinitions.PostsSteps.the_api_base_url_is(java.lang.String)
  When I send a PUT request to "/posts/1" with body:               # stepDefinitions.PostsSteps.i_send_a_put_request_to_with_body(java.lang.String,java.lang.String)
  Then the response status code should be 200                      # stepDefinitions.PostsSteps.the_response_status_code_should_be(java.lang.Integer)
  And the field "title" should equal "updated title"               # stepDefinitions.PostsSteps.the_field_should_equal_string(java.lang.String,java.lang.String)
]]></system-out>
  </testcase>
  <testcase name="Update a post with invalid ID using PUT" classname="Posts API" time="0.717">
    <system-out><![CDATA[
Scenario: Update a post with invalid ID using PUT                  # src/test/java/features/posts.feature:55
  Given the API base URL is "https://jsonplaceholder.typicode.com" # stepDefinitions.PostsSteps.the_api_base_url_is(java.lang.String)
  When I send a PUT request to "/posts/9999" with body:            # stepDefinitions.PostsSteps.i_send_a_put_request_to_with_body(java.lang.String,java.lang.String)
  Then the response status code should be 500                      # stepDefinitions.PostsSteps.the_response_status_code_should_be(java.lang.Integer)
]]></system-out>
  </testcase>
  <testcase name="Delete a post with valid ID" classname="Posts API" time="0.753">
    <system-out><![CDATA[
Scenario: Delete a post with valid ID                              # src/test/java/features/posts.feature:67
  Given the API base URL is "https://jsonplaceholder.typicode.com" # stepDefinitions.PostsSteps.the_api_base_url_is(java.lang.String)
  When I send a DELETE request to "/posts/1"                       # stepDefinitions.PostsSteps.i_send_a_delete_request_to(java.lang.String)
  Then the response status code should be 200                      # stepDefinitions.PostsSteps.the_response_status_code_should_be(java.lang.Integer)
]]></system-out>
  </testcase>
  <testcase name="Delete a post with invalid ID" classname="Posts API" time="0.728">
    <system-out><![CDATA[
Scenario: Delete a post with invalid ID                            # src/test/java/features/posts.feature:72
  Given the API base URL is "https://jsonplaceholder.typicode.com" # stepDefinitions.PostsSteps.the_api_base_url_is(java.lang.String)
  When I send a DELETE request to "/posts/9999"                    # stepDefinitions.PostsSteps.i_send_a_delete_request_to(java.lang.String)
  Then the response status code should be 200                      # stepDefinitions.PostsSteps.the_response_status_code_should_be(java.lang.Integer)
]]></system-out>
  </testcase>
  <testcase name="Get all todos" classname="Todos API" time="0.476">
    <system-out><![CDATA[
Scenario: Get all todos                                            # src/test/java/features/todos.feature:6
  Given the API base URL is "https://jsonplaceholder.typicode.com" # stepDefinitions.PostsSteps.the_api_base_url_is(java.lang.String)
  When I send a GET request to "/todos"                            # stepDefinitions.PostsSteps.i_send_a_get_request_to(java.lang.String)
  Then the response status code should be 200                      # stepDefinitions.PostsSteps.the_response_status_code_should_be(java.lang.Integer)
  And the response should contain 200 items                        # stepDefinitions.PostsSteps.the_response_should_contain_items(java.lang.Integer)
]]></system-out>
  </testcase>
  <testcase name="Get todos by valid ID" classname="Todos API" time="0.465">
    <system-out><![CDATA[
Scenario: Get todos by valid ID                                    # src/test/java/features/todos.feature:11
  Given the API base URL is "https://jsonplaceholder.typicode.com" # stepDefinitions.PostsSteps.the_api_base_url_is(java.lang.String)
  When I send a GET request to "/todos/1"                          # stepDefinitions.PostsSteps.i_send_a_get_request_to(java.lang.String)
  Then the response status code should be 200                      # stepDefinitions.PostsSteps.the_response_status_code_should_be(java.lang.Integer)
  And the field "id" should equal 1                                # stepDefinitions.PostsSteps.the_field_should_equal_int(java.lang.String,java.lang.Integer)
]]></system-out>
  </testcase>
  <testcase name="Get todos by invalid ID" classname="Todos API" time="0.484">
    <system-out><![CDATA[
Scenario: Get todos by invalid ID                                  # src/test/java/features/todos.feature:16
  Given the API base URL is "https://jsonplaceholder.typicode.com" # stepDefinitions.PostsSteps.the_api_base_url_is(java.lang.String)
  When I send a GET request to "/todos/9999"                       # stepDefinitions.PostsSteps.i_send_a_get_request_to(java.lang.String)
  Then the response status code should be 404                      # stepDefinitions.PostsSteps.the_response_status_code_should_be(java.lang.Integer)
]]></system-out>
  </testcase>
  <testcase name="Validate completed field is boolean" classname="Todos API" time="0.45">
    <system-out><![CDATA[
Scenario: Validate completed field is boolean                      # src/test/java/features/todos.feature:20
  Given the API base URL is "https://jsonplaceholder.typicode.com" # stepDefinitions.PostsSteps.the_api_base_url_is(java.lang.String)
  When I send a GET request to "/todos/1"                          # stepDefinitions.PostsSteps.i_send_a_get_request_to(java.lang.String)
  Then the response status code should be 200                      # stepDefinitions.PostsSteps.the_response_status_code_should_be(java.lang.Integer)
  And the field "completed" should equal "false"                   # stepDefinitions.PostsSteps.the_field_should_equal_string(java.lang.String,java.lang.String)
]]></system-out>
  </testcase>
  <testcase name="Get all users" classname="Users API" time="0.452">
    <system-out><![CDATA[
Scenario: Get all users                                            # src/test/java/features/users.feature:6
  Given the API base URL is "https://jsonplaceholder.typicode.com" # stepDefinitions.PostsSteps.the_api_base_url_is(java.lang.String)
  When I send a GET request to "/users"                            # stepDefinitions.PostsSteps.i_send_a_get_request_to(java.lang.String)
  Then the response status code should be 200                      # stepDefinitions.PostsSteps.the_response_status_code_should_be(java.lang.Integer)
  And the response should contain 10 items                         # stepDefinitions.PostsSteps.the_response_should_contain_items(java.lang.Integer)
]]></system-out>
  </testcase>
  <testcase name="Get user by valid ID" classname="Users API" time="0.499">
    <system-out><![CDATA[
Scenario: Get user by valid ID                                     # src/test/java/features/users.feature:11
  Given the API base URL is "https://jsonplaceholder.typicode.com" # stepDefinitions.PostsSteps.the_api_base_url_is(java.lang.String)
  When I send a GET request to "/users/1"                          # stepDefinitions.PostsSteps.i_send_a_get_request_to(java.lang.String)
  Then the response status code should be 200                      # stepDefinitions.PostsSteps.the_response_status_code_should_be(java.lang.Integer)
  And the field "id" should equal 1                                # stepDefinitions.PostsSteps.the_field_should_equal_int(java.lang.String,java.lang.Integer)
]]></system-out>
  </testcase>
  <testcase name="Get user by invalid ID" classname="Users API" time="0.734">
    <system-out><![CDATA[
Scenario: Get user by invalid ID                                   # src/test/java/features/users.feature:16
  Given the API base URL is "https://jsonplaceholder.typicode.com" # stepDefinitions.PostsSteps.the_api_base_url_is(java.lang.String)
  When I send a GET request to "/users/9999"                       # stepDefinitions.PostsSteps.i_send_a_get_request_to(java.lang.String)
  Then the response status code should be 404                      # stepDefinitions.PostsSteps.the_response_status_code_should_be(java.lang.Integer)
]]></system-out>
  </testcase>
  <testcase name="Validate required fields in user object" classname="Users API" time="0.488">
    <system-out><![CDATA[
Scenario: Validate required fields in user object                  # src/test/java/features/users.feature:20
  Given the API base URL is "https://jsonplaceholder.typicode.com" # stepDefinitions.PostsSteps.the_api_base_url_is(java.lang.String)
  When I send a GET request to "/users/1"                          # stepDefinitions.PostsSteps.i_send_a_get_request_to(java.lang.String)
  Then the response status code should be 200                      # stepDefinitions.PostsSteps.the_response_status_code_should_be(java.lang.Integer)
  And the field "name" should not be null                          # stepDefinitions.PostsSteps.the_field_should_not_be_null(java.lang.String)
  And the field "username" should not be null                      # stepDefinitions.PostsSteps.the_field_should_not_be_null(java.lang.String)
  And the field "email" should not be null                         # stepDefinitions.PostsSteps.the_field_should_not_be_null(java.lang.String)
]]></system-out>
  </testcase>
</testsuite>